/usr/bin/ld: /tmp/ccAdsx7w.o: in function `create_shader(char const*, unsigned int)':
supernova_gl.cpp:(.text+0x1cc): undefined reference to `__glewCreateShader'
/usr/bin/ld: supernova_gl.cpp:(.text+0x1e0): undefined reference to `__glewShaderSource'
/usr/bin/ld: supernova_gl.cpp:(.text+0x1fd): undefined reference to `__glewCompileShader'
/usr/bin/ld: supernova_gl.cpp:(.text+0x20b): undefined reference to `__glewGetShaderiv'
/usr/bin/ld: supernova_gl.cpp:(.text+0x229): undefined reference to `__glewGetShaderInfoLog'
/usr/bin/ld: /tmp/ccAdsx7w.o: in function `create_program(char const*, char const*)':
supernova_gl.cpp:(.text+0x30a): undefined reference to `__glewCreateProgram'
/usr/bin/ld: supernova_gl.cpp:(.text+0x316): undefined reference to `__glewAttachShader'
/usr/bin/ld: supernova_gl.cpp:(.text+0x329): undefined reference to `__glewAttachShader'
/usr/bin/ld: supernova_gl.cpp:(.text+0x33c): undefined reference to `__glewLinkProgram'
/usr/bin/ld: supernova_gl.cpp:(.text+0x34a): undefined reference to `__glewDeleteShader'
/usr/bin/ld: supernova_gl.cpp:(.text+0x358): undefined reference to `__glewDeleteShader'
/usr/bin/ld: /tmp/ccAdsx7w.o: in function `create_compute_program(char const*)':
supernova_gl.cpp:(.text+0x38b): undefined reference to `__glewCreateProgram'
/usr/bin/ld: supernova_gl.cpp:(.text+0x397): undefined reference to `__glewAttachShader'
/usr/bin/ld: supernova_gl.cpp:(.text+0x3aa): undefined reference to `__glewLinkProgram'
/usr/bin/ld: supernova_gl.cpp:(.text+0x3b8): undefined reference to `__glewDeleteShader'
/usr/bin/ld: /tmp/ccAdsx7w.o: in function `main':
supernova_gl.cpp:(.text+0x590): undefined reference to `glGetString'
/usr/bin/ld: supernova_gl.cpp:(.text+0x5ae): undefined reference to `glewExperimental'
/usr/bin/ld: supernova_gl.cpp:(.text+0x5b4): undefined reference to `glewInit'
/usr/bin/ld: supernova_gl.cpp:(.text+0x5fc): undefined reference to `glewGetErrorString'
/usr/bin/ld: supernova_gl.cpp:(.text+0x623): undefined reference to `glGetError'
/usr/bin/ld: supernova_gl.cpp:(.text+0x62a): undefined reference to `__glewDispatchCompute'
/usr/bin/ld: supernova_gl.cpp:(.text+0x7df): undefined reference to `__glewGenBuffers'
/usr/bin/ld: supernova_gl.cpp:(.text+0x7f7): undefined reference to `__glewBindBuffer'
/usr/bin/ld: supernova_gl.cpp:(.text+0x80d): undefined reference to `__glewBufferData'
/usr/bin/ld: supernova_gl.cpp:(.text+0x837): undefined reference to `__glewBindBufferBase'
/usr/bin/ld: supernova_gl.cpp:(.text+0x852): undefined reference to `__glewGenVertexArrays'
/usr/bin/ld: supernova_gl.cpp:(.text+0x86a): undefined reference to `__glewBindVertexArray'
/usr/bin/ld: supernova_gl.cpp:(.text+0x87e): undefined reference to `glEnable'
/usr/bin/ld: supernova_gl.cpp:(.text+0x88d): undefined reference to `glBlendFunc'
/usr/bin/ld: supernova_gl.cpp:(.text+0x97b): undefined reference to `__glewUseProgram'
/usr/bin/ld: supernova_gl.cpp:(.text+0x989): undefined reference to `__glewUniform1f'
/usr/bin/ld: supernova_gl.cpp:(.text+0x996): undefined reference to `__glewGetUniformLocation'
/usr/bin/ld: supernova_gl.cpp:(.text+0x9b2): undefined reference to `__glewUniform1f'
/usr/bin/ld: supernova_gl.cpp:(.text+0x9bf): undefined reference to `__glewGetUniformLocation'
/usr/bin/ld: supernova_gl.cpp:(.text+0x9db): undefined reference to `__glewUniform1f'
/usr/bin/ld: supernova_gl.cpp:(.text+0x9e8): undefined reference to `__glewGetUniformLocation'
/usr/bin/ld: supernova_gl.cpp:(.text+0xa04): undefined reference to `__glewUniform1f'
/usr/bin/ld: supernova_gl.cpp:(.text+0xa11): undefined reference to `__glewGetUniformLocation'
/usr/bin/ld: supernova_gl.cpp:(.text+0xa2d): undefined reference to `__glewUniform1f'
/usr/bin/ld: supernova_gl.cpp:(.text+0xa3a): undefined reference to `__glewGetUniformLocation'
/usr/bin/ld: supernova_gl.cpp:(.text+0xa56): undefined reference to `__glewUniform1f'
/usr/bin/ld: supernova_gl.cpp:(.text+0xa63): undefined reference to `__glewGetUniformLocation'
/usr/bin/ld: supernova_gl.cpp:(.text+0xa7f): undefined reference to `__glewDispatchCompute'
/usr/bin/ld: supernova_gl.cpp:(.text+0xa97): undefined reference to `__glewMemoryBarrier'
/usr/bin/ld: supernova_gl.cpp:(.text+0xab7): undefined reference to `glViewport'
/usr/bin/ld: supernova_gl.cpp:(.text+0xad6): undefined reference to `glClearColor'
/usr/bin/ld: supernova_gl.cpp:(.text+0xae0): undefined reference to `glClear'
/usr/bin/ld: supernova_gl.cpp:(.text+0xae7): undefined reference to `__glewUseProgram'
/usr/bin/ld: supernova_gl.cpp:(.text+0xd60): undefined reference to `__glewUniformMatrix4fv'
/usr/bin/ld: supernova_gl.cpp:(.text+0xd67): undefined reference to `__glewGetUniformLocation'
/usr/bin/ld: supernova_gl.cpp:(.text+0xd92): undefined reference to `__glewUniformMatrix4fv'
/usr/bin/ld: supernova_gl.cpp:(.text+0xd99): undefined reference to `__glewGetUniformLocation'
/usr/bin/ld: supernova_gl.cpp:(.text+0xdc4): undefined reference to `__glewUniform1f'
/usr/bin/ld: supernova_gl.cpp:(.text+0xdcb): undefined reference to `__glewGetUniformLocation'
/usr/bin/ld: supernova_gl.cpp:(.text+0xdf6): undefined reference to `glLineWidth'
/usr/bin/ld: supernova_gl.cpp:(.text+0xe0a): undefined reference to `glDrawArrays'
collect2: error: ld returned 1 exit status
